
=== Mon Feb  4 10:42:41 2019

Packages were changed.
Update Mode: updateDependencies

The following packages were added:
  com.unity.collab-proxy@1.2.15
The following packages were updated:
  com.unity.analytics from version 2.0.16 to 3.2.2
  com.unity.package-manager-ui from version 1.9.11 to 2.0.3
  com.unity.textmeshpro from version 1.2.4 to 1.3.0

=== Thu Apr 11 11:17:58 2019

Packages were changed.
Update Mode: updateDependencies

The following packages were updated:
  com.unity.package-manager-ui from version 2.0.3 to 2.0.7

=== Sat May 25 13:41:01 2019

Packages were changed.
Update Mode: resetToDefaultDependencies

The following packages were added:
  com.unity.ext.nunit@1.0.0
  com.unity.test-framework@1.0.12
  com.unity.timeline@1.0.0
  com.unity.ide.vscode@1.0.4
  com.unity.ide.visualstudio@1.0.5
  com.unity.ide.rider@1.0.4
  com.unity.modules.androidjni@1.0.0
The following packages were updated:
  com.unity.package-manager-ui from version 2.0.7 to 2.2.0
  com.unity.collab-proxy from version 1.2.15 to 1.2.16
The following packages were removed:
  com.unity.2d.sprite@1.0.0

=== Sat May 25 15:48:30 2019

Packages were changed.
Update Mode: resetToDefaultDependencies

The following packages were updated:
  com.unity.analytics from version 3.2.2 to 3.3.2
  com.unity.textmeshpro from version 1.3.0 to 2.0.1
  com.unity.package-manager-ui from version 2.2.0 to 2.1.2
The following packages were removed:
  com.unity.2d.sprite@1.0.0
  com.unity.ext.nunit@1.0.0
  com.unity.ide.rider@1.0.4
  com.unity.ide.visualstudio@1.0.5
  com.unity.ide.vscode@1.0.4
  com.unity.test-framework@1.0.12
  com.unity.modules.androidjni@1.0.0

=== Sat May 25 20:27:28 2019

Packages were changed.
Update Mode: updateDependencies

The following packages were added:
  com.unity.multiplayer-hlapi@1.0.2
  com.unity.xr.legacyinputhelpers@2.0.2

=== Sat May 25 20:42:15 2019

Packages were changed.
Update Mode: resetToDefaultDependencies

The following packages were removed:
  com.unity.multiplayer-hlapi@1.0.2
  com.unity.xr.legacyinputhelpers@2.0.2
